<?xml version="1.0" encoding="UTF-8"?>
<testsuite xmlns:xsi="http://www.w3.org/2001/XMLSchema-instance" xsi:noNamespaceSchemaLocation="https://maven.apache.org/surefire/maven-surefire-plugin/xsd/surefire-test-report.xsd" version="3.0.2" name="TestSuite" time="1.283" tests="3" errors="0" skipped="0" failures="0">
  <properties>
[...]
</properties>
  <testcase name="testTwo" classname="packone.TwoTest" time="0.01">
    <system-out><![CDATA[printing testTwo
]]></system-out>
    <system-err><![CDATA[SLF4J: Failed to load class "org.slf4j.impl.StaticLoggerBinder".
SLF4J: Defaulting to no-operation (NOP) logger implementation
SLF4J: See http://www.slf4j.org/codes.html#StaticLoggerBinder for further details.
]]></system-err>
  </testcase>
  <testcase name="testThree" classname="packone.ThreeTest" time="0.002">
    <system-out><![CDATA[printing testThree
]]></system-out>
  </testcase>
  <testcase name="testone" classname="packone.OneTest" time="0.002">
    <system-out><![CDATA[printing testone
]]></system-out>
  </testcase>
</testsuite>