<?xml version="1.0" encoding="UTF-8"?>
<testng-results ignored="0" total="3" passed="3" failed="0" skipped="0">
  <reporter-output>
  </reporter-output>
  <suite started-at="2024-08-03T14:16:01 IST" name="Suite" finished-at="2024-08-03T14:16:01 IST" duration-ms="68">
    <groups>
    </groups>
    <test started-at="2024-08-03T14:16:01 IST" name="Test" finished-at="2024-08-03T14:16:01 IST" duration-ms="68">
      <class name="packone.ThreeTest">
        <test-method signature="testThree()[pri:0, instance:packone.ThreeTest@17046283]" started-at="2024-08-03T14:16:01 IST" name="testThree" finished-at="2024-08-03T14:16:01 IST" duration-ms="1" status="PASS">
          <reporter-output>
          </reporter-output>
        </test-method> <!-- testThree -->
      </class> <!-- packone.ThreeTest -->
      <class name="packone.TwoTest">
        <test-method signature="testTwo()[pri:0, instance:packone.TwoTest@3c130745]" started-at="2024-08-03T14:16:01 IST" name="testTwo" finished-at="2024-08-03T14:16:01 IST" duration-ms="8" status="PASS">
          <reporter-output>
          </reporter-output>
        </test-method> <!-- testTwo -->
      </class> <!-- packone.TwoTest -->
      <class name="packone.OneTest">
        <test-method signature="testone()[pri:0, instance:packone.OneTest@5bd03f44]" started-at="2024-08-03T14:16:01 IST" name="testone" finished-at="2024-08-03T14:16:01 IST" duration-ms="1" status="PASS">
          <reporter-output>
          </reporter-output>
        </test-method> <!-- testone -->
      </class> <!-- packone.OneTest -->
    </test> <!-- Test -->
  </suite> <!-- Suite -->
</testng-results>
